<?xml version="1.0" encoding="UTF-8"?>
<!-- Generated by org.testng.reporters.JUnitReportReporter -->
<testsuite hostname="User" failures="0" tests="1" name="tests.Testthree" time="13.572" errors="0" timestamp="2025-03-30T15:43:05 IST" skipped="0">
  <testcase classname="tests.Testthree" name="Threetest" time="13.572"/>
  <system-out/>
</testsuite> <!-- tests.Testthree -->
