<?xml version="1.0" encoding="UTF-8"?>
<!-- Generated by org.testng.reporters.JUnitReportReporter -->
<testsuite hostname="User" failures="0" tests="1" name="practise.sample" time="10.156" errors="0" timestamp="2025-02-05T14:01:04 IST" skipped="0">
  <testcase classname="practise.sample" name="methodOn" time="10.156"/>
  <system-out/>
</testsuite> <!-- practise.sample -->
