<?xml version="1.0" encoding="UTF-8"?>
<!-- Generated by org.testng.reporters.JUnitReportReporter -->
<testsuite hostname="User" failures="0" tests="1" name="tests.LoginTest" time="13.457" errors="0" timestamp="2025-03-30T15:43:05 IST" skipped="0">
  <testcase classname="tests.LoginTest" name="login" time="13.457"/>
  <system-out/>
</testsuite> <!-- tests.LoginTest -->
