<?xml version="1.0" encoding="UTF-8"?>
<!-- Generated by org.testng.reporters.JUnitReportReporter -->
<testsuite hostname="User" failures="0" tests="1" name="Selenium.DecemberTest.testingloginpage" time="10.347" errors="0" timestamp="2024-12-04T16:11:51 IST" skipped="0">
  <testcase classname="Selenium.DecemberTest.testingloginpage" name="Login" time="10.347"/>
</testsuite> <!-- Selenium.DecemberTest.testingloginpage -->
